<?xml version="1.0" encoding="UTF-8"?>
<testsuite xmlns:xsi="http://www.w3.org/2001/XMLSchema-instance" xsi:noNamespaceSchemaLocation="https://maven.apache.org/surefire/maven-surefire-plugin/xsd/surefire-test-report-3.0.xsd" version="3.0" name="com.example.demo.config.InfrastructureConnectionTest" time="0.002" tests="3" errors="0" skipped="3" failures="0">
  <properties>
[...]
</properties>
  <testcase name="testRedisConnection" classname="com.example.demo.config.InfrastructureConnectionTest" time="0.0">
    <skipped message="需先启动本地 MySQL/Redis/RabbitMQ 后执行"/>
  </testcase>
  <testcase name="testMysqlConnection" classname="com.example.demo.config.InfrastructureConnectionTest" time="0.0">
    <skipped message="需先启动本地 MySQL/Redis/RabbitMQ 后执行"/>
  </testcase>
  <testcase name="testRabbitMqConnection" classname="com.example.demo.config.InfrastructureConnectionTest" time="0.0">
    <skipped message="需先启动本地 MySQL/Redis/RabbitMQ 后执行"/>
  </testcase>
</testsuite>